<?xml version="1.0" encoding="UTF-8"?>
<!-- Generated by org.testng.reporters.JUnitReportReporter -->
<testsuite hostname="DESKTOP-ST88OPH" failures="0" tests="1" name="org.pages.TestClass" time="11.951" errors="0" timestamp="2023-11-20T14:37:49 IST" skipped="0">
  <testcase classname="org.pages.TestClass" name="hrnRunTest" time="11.951"/>
  <system-out/>
</testsuite> <!-- org.pages.TestClass -->
