<?xml version="1.0" encoding="UTF-8"?>
<!-- Generated by org.testng.reporters.JUnitReportReporter -->
<testsuite hostname="DESKTOP-ST88OPH" failures="0" tests="1" name="org.pages.FlipRun" time="48.302" errors="0" timestamp="2023-11-28T10:50:00 IST" skipped="0">
  <testcase classname="org.pages.FlipRun" name="flipkartTestRun" time="48.302"/>
  <system-out/>
</testsuite> <!-- org.pages.FlipRun -->
